Content-Type: text/plain; charset="utf-8"
MIME-Version: 1.0
Content-Transfer-Encoding: 8bit
Subject: Password reset on 127.0.0.1:8000
From: webmaster@localhost
To: winbitu@gmail.com
Date: Thu, 13 Jan 2022 13:28:13 -0000
Message-ID: <164208049319.12568.9644999280926199537@DESKTOP-7QQG858>


You're receiving this email because you requested a password reset for your user account at 127.0.0.1:8000.

Please go to the following page and choose a new password:

http://127.0.0.1:8000/accounts/reset/Mg/az7i71-109d274faa3a6366ad4a49b160e0923a/

Your username, in case you’ve forgotten: winbiru

Thanks for using our site!

The 127.0.0.1:8000 team



-------------------------------------------------------------------------------
Content-Type: text/plain; charset="utf-8"
MIME-Version: 1.0
Content-Transfer-Encoding: 8bit
Subject: Password reset on 127.0.0.1:8000
From: webmaster@localhost
To: winbitu@gmail.com
Date: Thu, 13 Jan 2022 13:28:13 -0000
Message-ID: <164208049320.12568.11109730579292905316@DESKTOP-7QQG858>


You're receiving this email because you requested a password reset for your user account at 127.0.0.1:8000.

Please go to the following page and choose a new password:

http://127.0.0.1:8000/accounts/reset/Mw/az7i71-d3f6435396901dceaa8ab01abb981b51/

Your username, in case you’ve forgotten: winbiti

Thanks for using our site!

The 127.0.0.1:8000 team



-------------------------------------------------------------------------------
Content-Type: text/plain; charset="utf-8"
MIME-Version: 1.0
Content-Transfer-Encoding: 8bit
Subject: Password reset on 127.0.0.1:8000
From: webmaster@localhost
To: winbitu@gmail.com
Date: Thu, 13 Jan 2022 13:28:13 -0000
Message-ID: <164208049320.12568.6545720316657314902@DESKTOP-7QQG858>


You're receiving this email because you requested a password reset for your user account at 127.0.0.1:8000.

Please go to the following page and choose a new password:

http://127.0.0.1:8000/accounts/reset/NA/az7i71-91c0dc4f064770fae0c445f9970f4c56/

Your username, in case you’ve forgotten: winbi44

Thanks for using our site!

The 127.0.0.1:8000 team



-------------------------------------------------------------------------------
